<?xml version="1.0" encoding="UTF-8"?>
<!-- Generated by org.testng.reporters.JUnitXMLReporter -->
<testsuite ignored="1" hostname="DESKTOP-9M7RVCQ" failures="0" tests="1" name="Default test" time="0.038" errors="0" timestamp="2021-04-05T23:05:41 IST">
  <testcase classname="Qaclickacademy.SeleniumTest" name="urldow" time="0.009"/>
  <testcase classname="Qaclickacademy.SeleniumTest" name="browserinvocation" time="0.0">
    <ignored/>
  </testcase> <!-- browserinvocation -->
</testsuite> <!-- Default test -->
