<?xml version="1.0" encoding="UTF-8"?>
<!-- Generated by org.testng.reporters.JUnitXMLReporter -->
<testsuite ignored="0" hostname="DESKTOP-9M7RVCQ" failures="0" tests="3" name="Test" time="0.028" errors="0" timestamp="2021-04-07T22:21:16 IST">
  <testcase classname="Qaclickacademy.SeleniumTest" name="browserinvocation" time="0.002"/>
  <testcase classname="Qaclickacademy.SeleniumTest" name="urldow" time="0.0"/>
  <testcase classname="Qaclickacademy.APITest" name="apitest" time="0.001"/>
</testsuite> <!-- Test -->
